<?xml version="1.0" encoding="UTF-8"?>
<!-- Generated by org.testng.reporters.JUnitReportReporter -->
<testsuite hostname="LAPTOP-FMQ1S04C" failures="0" tests="1" name="rahulshettyacademy.tests.ErrorValidations" time="14.092" errors="0" timestamp="2023-11-19T00:52:18 IST" skipped="0">
  <testcase classname="rahulshettyacademy.tests.ErrorValidations" name="submitOrder" time="14.092"/>
</testsuite> <!-- rahulshettyacademy.tests.ErrorValidations -->
