<?xml version="1.0" encoding="UTF-8"?>
<!-- Generated by org.testng.reporters.JUnitReportReporter -->
<testsuite hostname="LAPTOP-FMQ1S04C" failures="0" tests="3" name="rahulshettyacademy.tests.SubmitOrderTest" time="105.094" errors="0" timestamp="2023-12-03T01:09:03 IST" skipped="0">
  <testcase classname="rahulshettyacademy.tests.SubmitOrderTest" name="submitOrder" time="36.078"/>
  <testcase classname="rahulshettyacademy.tests.SubmitOrderTest" name="OrderHistoryTest" time="28.807"/>
  <testcase classname="rahulshettyacademy.tests.SubmitOrderTest" name="submitOrder" time="40.209"/>
</testsuite> <!-- rahulshettyacademy.tests.SubmitOrderTest -->
