<?xml version="1.0" encoding="UTF-8"?>
<!-- Generated by org.testng.reporters.JUnitReportReporter -->
<testsuite hostname="LAPTOP-FMQ1S04C" failures="0" tests="3" name="rahulshettyacademy.tests.SubmitOrderTest" time="70.957" errors="0" timestamp="2023-12-10T00:34:27 IST" skipped="0">
  <testcase classname="rahulshettyacademy.tests.SubmitOrderTest" name="submitOrder" time="29.207"/>
  <testcase classname="rahulshettyacademy.tests.SubmitOrderTest" name="submitOrder" time="26.324"/>
  <testcase classname="rahulshettyacademy.tests.SubmitOrderTest" name="OrderHistoryTest" time="15.426"/>
</testsuite> <!-- rahulshettyacademy.tests.SubmitOrderTest -->
