<?xml version="1.0" encoding="UTF-8"?>
<!-- Generated by org.testng.reporters.JUnitReportReporter -->
<testsuite hostname="LAPTOP-FMQ1S04C" failures="0" tests="2" name="rahulshettyacademy.tests.ErrorValidationsTest" time="51.602" errors="0" timestamp="2023-12-10T00:34:27 IST" skipped="0">
  <testcase classname="rahulshettyacademy.tests.ErrorValidationsTest" name="ProductErrorValidation" time="41.466"/>
  <testcase classname="rahulshettyacademy.tests.ErrorValidationsTest" name="LoginErrorValidation" time="10.136"/>
</testsuite> <!-- rahulshettyacademy.tests.ErrorValidationsTest -->
